 Wed Aug 30 17:08:44 2017

 Command: sortmerna --ref /home/operon/anaconda3/envs/dada2_qiime/lib/python2.7/site-packages/qiime_default_reference/gg_13_8_otus/rep_set/97_otus.fasta,/home/operon/Documents/lozupone_lab/sortmerna_picked_otus/97_otus -e 1.0 --aligned sortmerna_picked_otus/sortmerna_otus -a 1 --id 0.97 --coverage 0.97 --log --otu_map --reads /tmp/SortMeRNAExactMatchFilterT8vuhO.fasta --de_novo_otu -v --best 1 --fastx 
 Process pid = 7895
 Parameters summary:
    Index: /home/operon/Documents/lozupone_lab/sortmerna_picked_otus/97_otus
     Seed length = 18
     Pass 1 = 18, Pass 2 = 9, Pass 3 = 3
     Gumbel lambda = 0.600470
     Gumbel K = 0.327880
     Minimal SW score based on E-value = 48
    Number of seeds = 2
    Edges = 4 (as integer)
    SW match = 2
    SW mismatch = -3
    SW gap open penalty = 5
    SW gap extend penalty = 2
    SW ambiguous nucleotide = -3
    SQ tags are not output
    Number of threads = 1
    Reads file = /tmp/SortMeRNAExactMatchFilterT8vuhO.fasta

 Results:
    Total reads = 1251
    Total reads for de novo clustering = 209
    Total reads passing E-value threshold = 1144 (91.45%)
    Total reads failing E-value threshold = 107 (8.55%)
    Minimum read length = 93
    Maximum read length = 93
    Mean read length = 93
 By database:
    /home/operon/anaconda3/envs/dada2_qiime/lib/python2.7/site-packages/qiime_default_reference/gg_13_8_otus/rep_set/97_otus.fasta		91.45%
 Total reads passing %id and %coverage thresholds = 935
 Total OTUs = 811
